This is pdfTeX, Version 3.14159265-2.6-1.40.21 (MiKTeX 20.10) (preloaded format=pdflatex 2020.10.22)  10 NOV 2020 14:32
entering extended mode
**./PMSNA_Association_rules.tex
(PMSNA_Association_rules.tex
LaTeX2e <2020-10-01> patch level 1
L3 programming layer <2020-10-05> xparse <2020-03-03>
("C:\Users\CAMILLE AMAURY\AppData\Local\Programs\MiKTeX\tex/latex/base\article.
cls"
Document Class: article 2020/04/10 v1.4m Standard LaTeX document class

("C:\Users\CAMILLE AMAURY\AppData\Local\Programs\MiKTeX\tex/latex/base\size11.c
lo"
File: size11.clo 2020/04/10 v1.4m Standard LaTeX file (size option)
)
\c@part=\count175
\c@section=\count176
\c@subsection=\count177
\c@subsubsection=\count178
\c@paragraph=\count179
\c@subparagraph=\count180
\c@figure=\count181
\c@table=\count182
\abovecaptionskip=\skip47
\belowcaptionskip=\skip48
\bibindent=\dimen138
)
("C:\Users\CAMILLE AMAURY\AppData\Local\Programs\MiKTeX\tex/latex/tcolorbox\tco
lorbox.sty"
Package: tcolorbox 2020/10/09 version 4.42 text color boxes

("C:\Users\CAMILLE AMAURY\AppData\Local\Programs\MiKTeX\tex/latex/pgf/basiclaye
r\pgf.sty"
("C:\Users\CAMILLE AMAURY\AppData\Local\Programs\MiKTeX\tex/latex/pgf/utilities
\pgfrcs.sty"
("C:\Users\CAMILLE AMAURY\AppData\Local\Programs\MiKTeX\tex/generic/pgf/utiliti
es\pgfutil-common.tex"
\pgfutil@everybye=\toks15
\pgfutil@tempdima=\dimen139
\pgfutil@tempdimb=\dimen140

("C:\Users\CAMILLE AMAURY\AppData\Local\Programs\MiKTeX\tex/generic/pgf/utiliti
es\pgfutil-common-lists.tex"))
("C:\Users\CAMILLE AMAURY\AppData\Local\Programs\MiKTeX\tex/generic/pgf/utiliti
es\pgfutil-latex.def"
\pgfutil@abb=\box47
)
("C:\Users\CAMILLE AMAURY\AppData\Local\Programs\MiKTeX\tex/generic/pgf/utiliti
es\pgfrcs.code.tex"
("C:\Users\CAMILLE AMAURY\AppData\Local\Programs\MiKTeX\tex/generic/pgf\pgf.rev
ision.tex")
Package: pgfrcs 2020/10/01 v3.1.6a (3.1.6a)
))
Package: pgf 2020/10/01 v3.1.6a (3.1.6a)

("C:\Users\CAMILLE AMAURY\AppData\Local\Programs\MiKTeX\tex/latex/pgf/basiclaye
r\pgfcore.sty"
("C:\Users\CAMILLE AMAURY\AppData\Local\Programs\MiKTeX\tex/latex/graphics\grap
hicx.sty"
Package: graphicx 2020/09/09 v1.2b Enhanced LaTeX Graphics (DPC,SPQR)

("C:\Users\CAMILLE AMAURY\AppData\Local\Programs\MiKTeX\tex/latex/graphics\keyv
al.sty"
Package: keyval 2014/10/28 v1.15 key=value parser (DPC)
\KV@toks@=\toks16
)
("C:\Users\CAMILLE AMAURY\AppData\Local\Programs\MiKTeX\tex/latex/graphics\grap
hics.sty"
Package: graphics 2020/08/30 v1.4c Standard LaTeX Graphics (DPC,SPQR)

("C:\Users\CAMILLE AMAURY\AppData\Local\Programs\MiKTeX\tex/latex/graphics\trig
.sty"
Package: trig 2016/01/03 v1.10 sin cos tan (DPC)
)
("C:\Users\CAMILLE AMAURY\AppData\Local\Programs\MiKTeX\tex/latex/graphics-cfg\
graphics.cfg"
File: graphics.cfg 2016/06/04 v1.11 sample graphics configuration
)
Package graphics Info: Driver file: pdftex.def on input line 105.

("C:\Users\CAMILLE AMAURY\AppData\Local\Programs\MiKTeX\tex/latex/graphics-def\
pdftex.def"
File: pdftex.def 2020/10/05 v1.2a Graphics/color driver for pdftex
))
\Gin@req@height=\dimen141
\Gin@req@width=\dimen142
)
("C:\Users\CAMILLE AMAURY\AppData\Local\Programs\MiKTeX\tex/latex/pgf/systemlay
er\pgfsys.sty"
("C:\Users\CAMILLE AMAURY\AppData\Local\Programs\MiKTeX\tex/generic/pgf/systeml
ayer\pgfsys.code.tex"
Package: pgfsys 2020/10/01 v3.1.6a (3.1.6a)

("C:\Users\CAMILLE AMAURY\AppData\Local\Programs\MiKTeX\tex/generic/pgf/utiliti
es\pgfkeys.code.tex"
\pgfkeys@pathtoks=\toks17
\pgfkeys@temptoks=\toks18

("C:\Users\CAMILLE AMAURY\AppData\Local\Programs\MiKTeX\tex/generic/pgf/utiliti
es\pgfkeysfiltered.code.tex"
\pgfkeys@tmptoks=\toks19
))
\pgf@x=\dimen143
\pgf@y=\dimen144
\pgf@xa=\dimen145
\pgf@ya=\dimen146
\pgf@xb=\dimen147
\pgf@yb=\dimen148
\pgf@xc=\dimen149
\pgf@yc=\dimen150
\pgf@xd=\dimen151
\pgf@yd=\dimen152
\w@pgf@writea=\write3
\r@pgf@reada=\read2
\c@pgf@counta=\count183
\c@pgf@countb=\count184
\c@pgf@countc=\count185
\c@pgf@countd=\count186
\t@pgf@toka=\toks20
\t@pgf@tokb=\toks21
\t@pgf@tokc=\toks22
\pgf@sys@id@count=\count187

("C:\Users\CAMILLE AMAURY\AppData\Local\Programs\MiKTeX\tex/generic/pgf/systeml
ayer\pgf.cfg"
File: pgf.cfg 2020/10/01 v3.1.6a (3.1.6a)
)
Driver file for pgf: pgfsys-pdftex.def

("C:\Users\CAMILLE AMAURY\AppData\Local\Programs\MiKTeX\tex/generic/pgf/systeml
ayer\pgfsys-pdftex.def"
File: pgfsys-pdftex.def 2020/10/01 v3.1.6a (3.1.6a)

("C:\Users\CAMILLE AMAURY\AppData\Local\Programs\MiKTeX\tex/generic/pgf/systeml
ayer\pgfsys-common-pdf.def"
File: pgfsys-common-pdf.def 2020/10/01 v3.1.6a (3.1.6a)
)))
("C:\Users\CAMILLE AMAURY\AppData\Local\Programs\MiKTeX\tex/generic/pgf/systeml
ayer\pgfsyssoftpath.code.tex"
File: pgfsyssoftpath.code.tex 2020/10/01 v3.1.6a (3.1.6a)
\pgfsyssoftpath@smallbuffer@items=\count188
\pgfsyssoftpath@bigbuffer@items=\count189
)
("C:\Users\CAMILLE AMAURY\AppData\Local\Programs\MiKTeX\tex/generic/pgf/systeml
ayer\pgfsysprotocol.code.tex"
File: pgfsysprotocol.code.tex 2020/10/01 v3.1.6a (3.1.6a)
))
("C:\Users\CAMILLE AMAURY\AppData\Local\Programs\MiKTeX\tex/latex/xcolor\xcolor
.sty"
Package: xcolor 2016/05/11 v2.12 LaTeX color extensions (UK)

("C:\Users\CAMILLE AMAURY\AppData\Local\Programs\MiKTeX\tex/latex/graphics-cfg\
color.cfg"
File: color.cfg 2016/01/02 v1.6 sample color configuration
)
Package xcolor Info: Driver file: pdftex.def on input line 225.
Package xcolor Info: Model `cmy' substituted by `cmy0' on input line 1348.
Package xcolor Info: Model `hsb' substituted by `rgb' on input line 1352.
Package xcolor Info: Model `RGB' extended on input line 1364.
Package xcolor Info: Model `HTML' substituted by `rgb' on input line 1366.
Package xcolor Info: Model `Hsb' substituted by `hsb' on input line 1367.
Package xcolor Info: Model `tHsb' substituted by `hsb' on input line 1368.
Package xcolor Info: Model `HSB' substituted by `hsb' on input line 1369.
Package xcolor Info: Model `Gray' substituted by `gray' on input line 1370.
Package xcolor Info: Model `wave' substituted by `hsb' on input line 1371.
)
("C:\Users\CAMILLE AMAURY\AppData\Local\Programs\MiKTeX\tex/generic/pgf/basicla
yer\pgfcore.code.tex"
Package: pgfcore 2020/10/01 v3.1.6a (3.1.6a)

("C:\Users\CAMILLE AMAURY\AppData\Local\Programs\MiKTeX\tex/generic/pgf/math\pg
fmath.code.tex"
("C:\Users\CAMILLE AMAURY\AppData\Local\Programs\MiKTeX\tex/generic/pgf/math\pg
fmathcalc.code.tex"
("C:\Users\CAMILLE AMAURY\AppData\Local\Programs\MiKTeX\tex/generic/pgf/math\pg
fmathutil.code.tex")
("C:\Users\CAMILLE AMAURY\AppData\Local\Programs\MiKTeX\tex/generic/pgf/math\pg
fmathparser.code.tex"
\pgfmath@dimen=\dimen153
\pgfmath@count=\count190
\pgfmath@box=\box48
\pgfmath@toks=\toks23
\pgfmath@stack@operand=\toks24
\pgfmath@stack@operation=\toks25
)
("C:\Users\CAMILLE AMAURY\AppData\Local\Programs\MiKTeX\tex/generic/pgf/math\pg
fmathfunctions.code.tex"
("C:\Users\CAMILLE AMAURY\AppData\Local\Programs\MiKTeX\tex/generic/pgf/math\pg
fmathfunctions.basic.code.tex")
("C:\Users\CAMILLE AMAURY\AppData\Local\Programs\MiKTeX\tex/generic/pgf/math\pg
fmathfunctions.trigonometric.code.tex")
("C:\Users\CAMILLE AMAURY\AppData\Local\Programs\MiKTeX\tex/generic/pgf/math\pg
fmathfunctions.random.code.tex")
("C:\Users\CAMILLE AMAURY\AppData\Local\Programs\MiKTeX\tex/generic/pgf/math\pg
fmathfunctions.comparison.code.tex")
("C:\Users\CAMILLE AMAURY\AppData\Local\Programs\MiKTeX\tex/generic/pgf/math\pg
fmathfunctions.base.code.tex")
("C:\Users\CAMILLE AMAURY\AppData\Local\Programs\MiKTeX\tex/generic/pgf/math\pg
fmathfunctions.round.code.tex")
("C:\Users\CAMILLE AMAURY\AppData\Local\Programs\MiKTeX\tex/generic/pgf/math\pg
fmathfunctions.misc.code.tex")
("C:\Users\CAMILLE AMAURY\AppData\Local\Programs\MiKTeX\tex/generic/pgf/math\pg
fmathfunctions.integerarithmetics.code.tex")))
("C:\Users\CAMILLE AMAURY\AppData\Local\Programs\MiKTeX\tex/generic/pgf/math\pg
fmathfloat.code.tex"
\c@pgfmathroundto@lastzeros=\count191
))
("C:\Users\CAMILLE AMAURY\AppData\Local\Programs\MiKTeX\tex/generic/pgf/math\pg
fint.code.tex")
("C:\Users\CAMILLE AMAURY\AppData\Local\Programs\MiKTeX\tex/generic/pgf/basicla
yer\pgfcorepoints.code.tex"
File: pgfcorepoints.code.tex 2020/10/01 v3.1.6a (3.1.6a)
\pgf@picminx=\dimen154
\pgf@picmaxx=\dimen155
\pgf@picminy=\dimen156
\pgf@picmaxy=\dimen157
\pgf@pathminx=\dimen158
\pgf@pathmaxx=\dimen159
\pgf@pathminy=\dimen160
\pgf@pathmaxy=\dimen161
\pgf@xx=\dimen162
\pgf@xy=\dimen163
\pgf@yx=\dimen164
\pgf@yy=\dimen165
\pgf@zx=\dimen166
\pgf@zy=\dimen167
)
("C:\Users\CAMILLE AMAURY\AppData\Local\Programs\MiKTeX\tex/generic/pgf/basicla
yer\pgfcorepathconstruct.code.tex"
File: pgfcorepathconstruct.code.tex 2020/10/01 v3.1.6a (3.1.6a)
\pgf@path@lastx=\dimen168
\pgf@path@lasty=\dimen169
)
("C:\Users\CAMILLE AMAURY\AppData\Local\Programs\MiKTeX\tex/generic/pgf/basicla
yer\pgfcorepathusage.code.tex"
File: pgfcorepathusage.code.tex 2020/10/01 v3.1.6a (3.1.6a)
\pgf@shorten@end@additional=\dimen170
\pgf@shorten@start@additional=\dimen171
)
("C:\Users\CAMILLE AMAURY\AppData\Local\Programs\MiKTeX\tex/generic/pgf/basicla
yer\pgfcorescopes.code.tex"
File: pgfcorescopes.code.tex 2020/10/01 v3.1.6a (3.1.6a)
\pgfpic=\box49
\pgf@hbox=\box50
\pgf@layerbox@main=\box51
\pgf@picture@serial@count=\count192
)
("C:\Users\CAMILLE AMAURY\AppData\Local\Programs\MiKTeX\tex/generic/pgf/basicla
yer\pgfcoregraphicstate.code.tex"
File: pgfcoregraphicstate.code.tex 2020/10/01 v3.1.6a (3.1.6a)
\pgflinewidth=\dimen172
)
("C:\Users\CAMILLE AMAURY\AppData\Local\Programs\MiKTeX\tex/generic/pgf/basicla
yer\pgfcoretransformations.code.tex"
File: pgfcoretransformations.code.tex 2020/10/01 v3.1.6a (3.1.6a)
\pgf@pt@x=\dimen173
\pgf@pt@y=\dimen174
\pgf@pt@temp=\dimen175
)
("C:\Users\CAMILLE AMAURY\AppData\Local\Programs\MiKTeX\tex/generic/pgf/basicla
yer\pgfcorequick.code.tex"
File: pgfcorequick.code.tex 2020/10/01 v3.1.6a (3.1.6a)
)
("C:\Users\CAMILLE AMAURY\AppData\Local\Programs\MiKTeX\tex/generic/pgf/basicla
yer\pgfcoreobjects.code.tex"
File: pgfcoreobjects.code.tex 2020/10/01 v3.1.6a (3.1.6a)
)
("C:\Users\CAMILLE AMAURY\AppData\Local\Programs\MiKTeX\tex/generic/pgf/basicla
yer\pgfcorepathprocessing.code.tex"
File: pgfcorepathprocessing.code.tex 2020/10/01 v3.1.6a (3.1.6a)
)
("C:\Users\CAMILLE AMAURY\AppData\Local\Programs\MiKTeX\tex/generic/pgf/basicla
yer\pgfcorearrows.code.tex"
File: pgfcorearrows.code.tex 2020/10/01 v3.1.6a (3.1.6a)
\pgfarrowsep=\dimen176
)
("C:\Users\CAMILLE AMAURY\AppData\Local\Programs\MiKTeX\tex/generic/pgf/basicla
yer\pgfcoreshade.code.tex"
File: pgfcoreshade.code.tex 2020/10/01 v3.1.6a (3.1.6a)
\pgf@max=\dimen177
\pgf@sys@shading@range@num=\count193
\pgf@shadingcount=\count194
)
("C:\Users\CAMILLE AMAURY\AppData\Local\Programs\MiKTeX\tex/generic/pgf/basicla
yer\pgfcoreimage.code.tex"
File: pgfcoreimage.code.tex 2020/10/01 v3.1.6a (3.1.6a)

("C:\Users\CAMILLE AMAURY\AppData\Local\Programs\MiKTeX\tex/generic/pgf/basicla
yer\pgfcoreexternal.code.tex"
File: pgfcoreexternal.code.tex 2020/10/01 v3.1.6a (3.1.6a)
\pgfexternal@startupbox=\box52
))
("C:\Users\CAMILLE AMAURY\AppData\Local\Programs\MiKTeX\tex/generic/pgf/basicla
yer\pgfcorelayers.code.tex"
File: pgfcorelayers.code.tex 2020/10/01 v3.1.6a (3.1.6a)
)
("C:\Users\CAMILLE AMAURY\AppData\Local\Programs\MiKTeX\tex/generic/pgf/basicla
yer\pgfcoretransparency.code.tex"
File: pgfcoretransparency.code.tex 2020/10/01 v3.1.6a (3.1.6a)
)
("C:\Users\CAMILLE AMAURY\AppData\Local\Programs\MiKTeX\tex/generic/pgf/basicla
yer\pgfcorepatterns.code.tex"
File: pgfcorepatterns.code.tex 2020/10/01 v3.1.6a (3.1.6a)
)
("C:\Users\CAMILLE AMAURY\AppData\Local\Programs\MiKTeX\tex/generic/pgf/basicla
yer\pgfcorerdf.code.tex"
File: pgfcorerdf.code.tex 2020/10/01 v3.1.6a (3.1.6a)
)))
("C:\Users\CAMILLE AMAURY\AppData\Local\Programs\MiKTeX\tex/generic/pgf/modules
\pgfmoduleshapes.code.tex"
File: pgfmoduleshapes.code.tex 2020/10/01 v3.1.6a (3.1.6a)
\pgfnodeparttextbox=\box53
)
("C:\Users\CAMILLE AMAURY\AppData\Local\Programs\MiKTeX\tex/generic/pgf/modules
\pgfmoduleplot.code.tex"
File: pgfmoduleplot.code.tex 2020/10/01 v3.1.6a (3.1.6a)
)
("C:\Users\CAMILLE AMAURY\AppData\Local\Programs\MiKTeX\tex/latex/pgf/compatibi
lity\pgfcomp-version-0-65.sty"
Package: pgfcomp-version-0-65 2020/10/01 v3.1.6a (3.1.6a)
\pgf@nodesepstart=\dimen178
\pgf@nodesepend=\dimen179
)
("C:\Users\CAMILLE AMAURY\AppData\Local\Programs\MiKTeX\tex/latex/pgf/compatibi
lity\pgfcomp-version-1-18.sty"
Package: pgfcomp-version-1-18 2020/10/01 v3.1.6a (3.1.6a)
))
("C:\Users\CAMILLE AMAURY\AppData\Local\Programs\MiKTeX\tex/latex/tools\verbati
m.sty"
Package: verbatim 2019/11/10 v1.5r LaTeX2e package for verbatim enhancements
\every@verbatim=\toks26
\verbatim@line=\toks27
\verbatim@in@stream=\read3
)
("C:\Users\CAMILLE AMAURY\AppData\Local\Programs\MiKTeX\tex/latex/environ\envir
on.sty"
Package: environ 2014/05/04 v0.3 A new way to define environments

("C:\Users\CAMILLE AMAURY\AppData\Local\Programs\MiKTeX\tex/latex/trimspaces\tr
imspaces.sty"
Package: trimspaces 2009/09/17 v1.1 Trim spaces around a token list
)
\@envbody=\toks28
)
("C:\Users\CAMILLE AMAURY\AppData\Local\Programs\MiKTeX\tex/latex/etoolbox\etoo
lbox.sty"
Package: etoolbox 2020/10/05 v2.5k e-TeX tools for LaTeX (JAW)
\etb@tempcnta=\count195
)
\tcb@titlebox=\box54
\tcb@upperbox=\box55
\tcb@lowerbox=\box56
\tcb@phantombox=\box57
\c@tcbbreakpart=\count196
\c@tcblayer=\count197
\c@tcolorbox@number=\count198
\tcb@temp=\box58
\tcb@temp=\box59
\tcb@temp=\box60
\tcb@temp=\box61
\tcb@out=\write4
\tcb@record@out=\write5

("C:\Users\CAMILLE AMAURY\AppData\Local\Programs\MiKTeX\tex/latex/tcolorbox\tcb
breakable.code.tex"
Library (tcolorbox): 'tcbbreakable.code.tex' version '4.42'

("C:\Users\CAMILLE AMAURY\AppData\Local\Programs\MiKTeX\tex/generic/oberdiek\pd
fcol.sty"
Package: pdfcol 2019/12/29 v1.6 Handle new color stacks for pdfTeX (HO)

("C:\Users\CAMILLE AMAURY\AppData\Local\Programs\MiKTeX\tex/generic/ltxcmds\ltx
cmds.sty"
Package: ltxcmds 2020-05-10 v1.25 LaTeX kernel commands for general use (HO)
)
("C:\Users\CAMILLE AMAURY\AppData\Local\Programs\MiKTeX\tex/generic/infwarerr\i
nfwarerr.sty"
Package: infwarerr 2019/12/03 v1.5 Providing info/warning/error messages (HO)
)
("C:\Users\CAMILLE AMAURY\AppData\Local\Programs\MiKTeX\tex/generic/iftex\iftex
.sty"
Package: iftex 2020/03/06 v1.0d TeX engine tests
))
Package pdfcol Info: New color stack `tcb@breakable' = 1 on input line 23.
\tcb@testbox=\box62
\tcb@totalupperbox=\box63
\tcb@totallowerbox=\box64
))
("C:\Users\CAMILLE AMAURY\AppData\Local\Programs\MiKTeX\tex/latex/parskip\parsk
ip.sty"
Package: parskip 2020-06-15 v2.0f non-zero parskip adjustments

("C:\Users\CAMILLE AMAURY\AppData\Local\Programs\MiKTeX\tex/latex/kvoptions\kvo
ptions.sty"
Package: kvoptions 2019/11/29 v3.13 Key value format for package options (HO)

("C:\Users\CAMILLE AMAURY\AppData\Local\Programs\MiKTeX\tex/generic/kvsetkeys\k
vsetkeys.sty"
Package: kvsetkeys 2019/12/15 v1.18 Key value parser (HO)
)))
("C:\Users\CAMILLE AMAURY\AppData\Local\Programs\MiKTeX\tex/latex/base\fontenc.
sty"
Package: fontenc 2020/08/10 v2.0s Standard LaTeX package
)
("C:\Users\CAMILLE AMAURY\AppData\Local\Programs\MiKTeX\tex/latex/psnfss\mathpa
zo.sty"
Package: mathpazo 2020/03/25 PSNFSS-v9.3 Palatino w/ Pazo Math (D.Puga, WaS) 
\symupright=\mathgroup4
)
("C:\Users\CAMILLE AMAURY\AppData\Local\Programs\MiKTeX\tex/latex/caption\capti
on.sty"
Package: caption 2020/09/12 v3.5b Customizing captions (AR)

("C:\Users\CAMILLE AMAURY\AppData\Local\Programs\MiKTeX\tex/latex/caption\capti
on3.sty"
Package: caption3 2020/09/17 v2.1b caption3 kernel (AR)
\captionmargin=\dimen180
\captionmargin@=\dimen181
\captionwidth=\dimen182
\caption@tempdima=\dimen183
\caption@indent=\dimen184
\caption@parindent=\dimen185
\caption@hangindent=\dimen186
Package caption Info: Standard document class detected.
)
\c@caption@flags=\count199
\c@continuedfloat=\count266
)
("C:\Users\CAMILLE AMAURY\AppData\Local\Programs\MiKTeX\tex/latex/float\float.s
ty"
Package: float 2001/11/08 v1.3d Float enhancements (AL)
\c@float@type=\count267
\float@exts=\toks29
\float@box=\box65
\@float@everytoks=\toks30
\@floatcapt=\box66
)
("C:\Users\CAMILLE AMAURY\AppData\Local\Programs\MiKTeX\tex/latex/tools\enumera
te.sty"
Package: enumerate 2015/07/23 v3.00 enumerate extensions (DPC)
\@enLab=\toks31
)
("C:\Users\CAMILLE AMAURY\AppData\Local\Programs\MiKTeX\tex/latex/geometry\geom
etry.sty"
Package: geometry 2020/01/02 v5.9 Page Geometry

("C:\Users\CAMILLE AMAURY\AppData\Local\Programs\MiKTeX\tex/generic/iftex\ifvte
x.sty"
Package: ifvtex 2019/10/25 v1.7 ifvtex legacy package. Use iftex instead.
)
\Gm@cnth=\count268
\Gm@cntv=\count269
\c@Gm@tempcnt=\count270
\Gm@bindingoffset=\dimen187
\Gm@wd@mp=\dimen188
\Gm@odd@mp=\dimen189
\Gm@even@mp=\dimen190
\Gm@layoutwidth=\dimen191
\Gm@layoutheight=\dimen192
\Gm@layouthoffset=\dimen193
\Gm@layoutvoffset=\dimen194
\Gm@dimlist=\toks32

("C:\Users\CAMILLE AMAURY\AppData\Local\Programs\MiKTeX\tex/latex/geometry\geom
etry.cfg"))
("C:\Users\CAMILLE AMAURY\AppData\Local\Programs\MiKTeX\tex/latex/amsmath\amsma
th.sty"
Package: amsmath 2020/09/23 v2.17i AMS math features
\@mathmargin=\skip49

For additional information on amsmath, use the `?' option.

("C:\Users\CAMILLE AMAURY\AppData\Local\Programs\MiKTeX\tex/latex/amsmath\amste
xt.sty"
Package: amstext 2000/06/29 v2.01 AMS text

("C:\Users\CAMILLE AMAURY\AppData\Local\Programs\MiKTeX\tex/latex/amsmath\amsge
n.sty"
File: amsgen.sty 1999/11/30 v2.0 generic functions
\@emptytoks=\toks33
\ex@=\dimen195
))
("C:\Users\CAMILLE AMAURY\AppData\Local\Programs\MiKTeX\tex/latex/amsmath\amsbs
y.sty"
Package: amsbsy 1999/11/29 v1.2d Bold Symbols
\pmbraise@=\dimen196
)
("C:\Users\CAMILLE AMAURY\AppData\Local\Programs\MiKTeX\tex/latex/amsmath\amsop
n.sty"
Package: amsopn 2016/03/08 v2.02 operator names
)
\inf@bad=\count271
LaTeX Info: Redefining \frac on input line 234.
\uproot@=\count272
\leftroot@=\count273
LaTeX Info: Redefining \overline on input line 399.
\classnum@=\count274
\DOTSCASE@=\count275
LaTeX Info: Redefining \ldots on input line 496.
LaTeX Info: Redefining \dots on input line 499.
LaTeX Info: Redefining \cdots on input line 620.
\Mathstrutbox@=\box67
\strutbox@=\box68
\big@size=\dimen197
LaTeX Font Info:    Redeclaring font encoding OML on input line 743.
LaTeX Font Info:    Redeclaring font encoding OMS on input line 744.
\macc@depth=\count276
\c@MaxMatrixCols=\count277
\dotsspace@=\muskip16
\c@parentequation=\count278
\dspbrk@lvl=\count279
\tag@help=\toks34
\row@=\count280
\column@=\count281
\maxfields@=\count282
\andhelp@=\toks35
\eqnshift@=\dimen198
\alignsep@=\dimen199
\tagshift@=\dimen256
\tagwidth@=\dimen257
\totwidth@=\dimen258
\lineht@=\dimen259
\@envbody=\toks36
\multlinegap=\skip50
\multlinetaggap=\skip51
\mathdisplay@stack=\toks37
LaTeX Info: Redefining \[ on input line 2923.
LaTeX Info: Redefining \] on input line 2924.
)
("C:\Users\CAMILLE AMAURY\AppData\Local\Programs\MiKTeX\tex/latex/amsfonts\amss
ymb.sty"
Package: amssymb 2013/01/14 v3.01 AMS font symbols

("C:\Users\CAMILLE AMAURY\AppData\Local\Programs\MiKTeX\tex/latex/amsfonts\amsf
onts.sty"
Package: amsfonts 2013/01/14 v3.01 Basic AMSFonts support
\symAMSa=\mathgroup5
\symAMSb=\mathgroup6
LaTeX Font Info:    Redeclaring math symbol \hbar on input line 98.
LaTeX Font Info:    Overwriting math alphabet `\mathfrak' in version `bold'
(Font)                  U/euf/m/n --> U/euf/b/n on input line 106.
))
("C:\Users\CAMILLE AMAURY\AppData\Local\Programs\MiKTeX\tex/latex/base\textcomp
.sty"
Package: textcomp 2020/02/02 v2.0n Standard LaTeX package
)
("C:\Users\CAMILLE AMAURY\AppData\Local\Programs\MiKTeX\tex/latex/upquote\upquo
te.sty"
Package: upquote 2012/04/19 v1.3 upright-quote and grave-accent glyphs in verba
tim
)
("C:\Users\CAMILLE AMAURY\AppData\Local\Programs\MiKTeX\tex/latex/eurosym\euros
ym.sty"
Package: eurosym 1998/08/06 v1.1 European currency symbol ``Euro''
\@eurobox=\box69
)
("C:\Users\CAMILLE AMAURY\AppData\Local\Programs\MiKTeX\tex/latex/ucs\ucs.sty"
Package: ucs 2013/05/11 v2.2 UCS: Unicode input support

("C:\Users\CAMILLE AMAURY\AppData\Local\Programs\MiKTeX\tex/latex/ucs\uni-globa
l.def"
File: uni-global.def 2013/05/13 UCS: Unicode global data
)
\uc@secondtry=\count283
\uc@combtoks=\toks38
\uc@combtoksb=\toks39
\uc@temptokena=\toks40
)
("C:\Users\CAMILLE AMAURY\AppData\Local\Programs\MiKTeX\tex/latex/fancyvrb\fanc
yvrb.sty"
Package: fancyvrb 2020/05/03 v3.6 verbatim text (tvz,hv)
\FV@CodeLineNo=\count284
\FV@InFile=\read4
\FV@TabBox=\box70
\c@FancyVerbLine=\count285
\FV@StepNumber=\count286
\FV@OutFile=\write6
)
("C:\Users\CAMILLE AMAURY\AppData\Local\Programs\MiKTeX\tex/latex/grffile\grffi
le.sty"
Package: grffile 2019/11/11 v2.1 Extended file name support for graphics (legac
y)
Package grffile Info: This package is an empty stub for compatibility on input 
line 40.
)
("C:\Users\CAMILLE AMAURY\AppData\Local\Programs\MiKTeX\tex/latex/adjustbox\adj
ustbox.sty"
Package: adjustbox 2020/08/19 v1.3 Adjusting TeX boxes (trim, clip, ...)

("C:\Users\CAMILLE AMAURY\AppData\Local\Programs\MiKTeX\tex/latex/xkeyval\xkeyv
al.sty"
Package: xkeyval 2014/12/03 v2.7a package option processing (HA)

("C:\Users\CAMILLE AMAURY\AppData\Local\Programs\MiKTeX\tex/generic/xkeyval\xke
yval.tex"
("C:\Users\CAMILLE AMAURY\AppData\Local\Programs\MiKTeX\tex/generic/xkeyval\xkv
utils.tex"
\XKV@toks=\toks41
\XKV@tempa@toks=\toks42
)
\XKV@depth=\count287
File: xkeyval.tex 2014/12/03 v2.7a key=value parser (HA)
))
("C:\Users\CAMILLE AMAURY\AppData\Local\Programs\MiKTeX\tex/latex/adjustbox\adj
calc.sty"
Package: adjcalc 2012/05/16 v1.1 Provides advanced setlength with multiple back
-ends (calc, etex, pgfmath)
)
("C:\Users\CAMILLE AMAURY\AppData\Local\Programs\MiKTeX\tex/latex/adjustbox\tri
mclip.sty"
Package: trimclip 2020/08/19 v1.2 Trim and clip general TeX material

("C:\Users\CAMILLE AMAURY\AppData\Local\Programs\MiKTeX\tex/latex/collectbox\co
llectbox.sty"
Package: collectbox 2012/05/17 v0.4b Collect macro arguments as boxes
\collectedbox=\box71
)
\tc@llx=\dimen260
\tc@lly=\dimen261
\tc@urx=\dimen262
\tc@ury=\dimen263
Package trimclip Info: Using driver 'tc-pdftex.def'.

("C:\Users\CAMILLE AMAURY\AppData\Local\Programs\MiKTeX\tex/latex/adjustbox\tc-
pdftex.def"
File: tc-pdftex.def 2019/01/04 v2.2 Clipping driver for pdftex
))
\adjbox@Width=\dimen264
\adjbox@Height=\dimen265
\adjbox@Depth=\dimen266
\adjbox@Totalheight=\dimen267
\adjbox@pwidth=\dimen268
\adjbox@pheight=\dimen269
\adjbox@pdepth=\dimen270
\adjbox@ptotalheight=\dimen271

("C:\Users\CAMILLE AMAURY\AppData\Local\Programs\MiKTeX\tex/latex/ifoddpage\ifo
ddpage.sty"
Package: ifoddpage 2016/04/23 v1.1 Conditionals for odd/even page detection
\c@checkoddpage=\count288
)
("C:\Users\CAMILLE AMAURY\AppData\Local\Programs\MiKTeX\tex/latex/varwidth\varw
idth.sty"
Package: varwidth 2009/03/30 ver 0.92;  Variable-width minipages
\@vwid@box=\box72
\sift@deathcycles=\count289
\@vwid@loff=\dimen272
\@vwid@roff=\dimen273
))
("C:\Users\CAMILLE AMAURY\AppData\Local\Programs\MiKTeX\tex/latex/hyperref\hype
rref.sty"
Package: hyperref 2020-05-15 v7.00e Hypertext links for LaTeX

("C:\Users\CAMILLE AMAURY\AppData\Local\Programs\MiKTeX\tex/generic/pdftexcmds\
pdftexcmds.sty"
Package: pdftexcmds 2020-06-27 v0.33 Utility functions of pdfTeX for LuaTeX (HO
)
Package pdftexcmds Info: \pdf@primitive is available.
Package pdftexcmds Info: \pdf@ifprimitive is available.
Package pdftexcmds Info: \pdfdraftmode found.
)
("C:\Users\CAMILLE AMAURY\AppData\Local\Programs\MiKTeX\tex/generic/kvdefinekey
s\kvdefinekeys.sty"
Package: kvdefinekeys 2019-12-19 v1.6 Define keys (HO)
)
("C:\Users\CAMILLE AMAURY\AppData\Local\Programs\MiKTeX\tex/generic/pdfescape\p
dfescape.sty"
Package: pdfescape 2019/12/09 v1.15 Implements pdfTeX's escape features (HO)
)
("C:\Users\CAMILLE AMAURY\AppData\Local\Programs\MiKTeX\tex/latex/hycolor\hycol
or.sty"
Package: hycolor 2020-01-27 v1.10 Color options for hyperref/bookmark (HO)
)
("C:\Users\CAMILLE AMAURY\AppData\Local\Programs\MiKTeX\tex/latex/letltxmacro\l
etltxmacro.sty"
Package: letltxmacro 2019/12/03 v1.6 Let assignment for LaTeX macros (HO)
)
("C:\Users\CAMILLE AMAURY\AppData\Local\Programs\MiKTeX\tex/latex/auxhook\auxho
ok.sty"
Package: auxhook 2019-12-17 v1.6 Hooks for auxiliary files (HO)
)
\@linkdim=\dimen274
\Hy@linkcounter=\count290
\Hy@pagecounter=\count291

("C:\Users\CAMILLE AMAURY\AppData\Local\Programs\MiKTeX\tex/latex/hyperref\pd1e
nc.def"
File: pd1enc.def 2020-05-15 v7.00e Hyperref: PDFDocEncoding definition (HO)
Now handling font encoding PD1 ...
... no UTF-8 mapping file for font encoding PD1
)
("C:\Users\CAMILLE AMAURY\AppData\Local\Programs\MiKTeX\tex/generic/intcalc\int
calc.sty"
Package: intcalc 2019/12/15 v1.3 Expandable calculations with integers (HO)
)
("C:\Users\CAMILLE AMAURY\AppData\Local\Programs\MiKTeX\tex/generic/etexcmds\et
excmds.sty"
Package: etexcmds 2019/12/15 v1.7 Avoid name clashes with e-TeX commands (HO)
)
\Hy@SavedSpaceFactor=\count292
Package hyperref Info: Hyper figures OFF on input line 4464.
Package hyperref Info: Link nesting OFF on input line 4469.
Package hyperref Info: Hyper index ON on input line 4472.
Package hyperref Info: Plain pages OFF on input line 4479.
Package hyperref Info: Backreferencing OFF on input line 4484.
Package hyperref Info: Implicit mode ON; LaTeX internals redefined.
Package hyperref Info: Bookmarks ON on input line 4717.
\c@Hy@tempcnt=\count293

("C:\Users\CAMILLE AMAURY\AppData\Local\Programs\MiKTeX\tex/latex/url\url.sty"
\Urlmuskip=\muskip17
Package: url 2013/09/16  ver 3.4  Verb mode for urls, etc.
)
LaTeX Info: Redefining \url on input line 5076.
\XeTeXLinkMargin=\dimen275

("C:\Users\CAMILLE AMAURY\AppData\Local\Programs\MiKTeX\tex/generic/bitset\bits
et.sty"
Package: bitset 2019/12/09 v1.3 Handle bit-vector datatype (HO)

("C:\Users\CAMILLE AMAURY\AppData\Local\Programs\MiKTeX\tex/generic/bigintcalc\
bigintcalc.sty"
Package: bigintcalc 2019/12/15 v1.5 Expandable calculations on big integers (HO
)
))
\Fld@menulength=\count294
\Field@Width=\dimen276
\Fld@charsize=\dimen277
Package hyperref Info: Hyper figures OFF on input line 6347.
Package hyperref Info: Link nesting OFF on input line 6352.
Package hyperref Info: Hyper index ON on input line 6355.
Package hyperref Info: backreferencing OFF on input line 6362.
Package hyperref Info: Link coloring OFF on input line 6367.
Package hyperref Info: Link coloring with OCG OFF on input line 6372.
Package hyperref Info: PDF/A mode OFF on input line 6377.
LaTeX Info: Redefining \ref on input line 6417.
LaTeX Info: Redefining \pageref on input line 6421.

("C:\Users\CAMILLE AMAURY\AppData\Local\Programs\MiKTeX\tex/latex/base\atbegshi
-ltx.sty"
Package: atbegshi-ltx 2020/08/17 v1.0a Emulation of the original atbegshi packa
ge
with kernel methods
)
\Hy@abspage=\count295
\c@Item=\count296
\c@Hfootnote=\count297
)
Package hyperref Info: Driver (autodetected): hpdftex.

("C:\Users\CAMILLE AMAURY\AppData\Local\Programs\MiKTeX\tex/latex/hyperref\hpdf
tex.def"
File: hpdftex.def 2020-05-15 v7.00e Hyperref driver for pdfTeX

("C:\Users\CAMILLE AMAURY\AppData\Local\Programs\MiKTeX\tex/latex/base\atveryen
d-ltx.sty"
Package: atveryend-ltx 2020/08/19 v1.0a Emulation of the original atvery packag
e
with kernel methods
)
\Fld@listcount=\count298
\c@bookmark@seq@number=\count299

("C:\Users\CAMILLE AMAURY\AppData\Local\Programs\MiKTeX\tex/latex/rerunfilechec
k\rerunfilecheck.sty"
Package: rerunfilecheck 2019/12/05 v1.9 Rerun checks for auxiliary files (HO)

("C:\Users\CAMILLE AMAURY\AppData\Local\Programs\MiKTeX\tex/generic/uniquecount
er\uniquecounter.sty"
Package: uniquecounter 2019/12/15 v1.4 Provide unlimited unique counter (HO)
)
Package uniquecounter Info: New unique counter `rerunfilecheck' on input line 2
86.
)
\Hy@SectionHShift=\skip52
)
("C:\Users\CAMILLE AMAURY\AppData\Local\Programs\MiKTeX\tex/latex/titling\titli
ng.sty"
Package: titling 2009/09/04 v2.1d maketitle typesetting
\thanksmarkwidth=\skip53
\thanksmargin=\skip54
\droptitle=\skip55
)
("C:\Users\CAMILLE AMAURY\AppData\Local\Programs\MiKTeX\tex/latex/tools\longtab
le.sty"
Package: longtable 2020/01/07 v4.13 Multi-page Table package (DPC)
\LTleft=\skip56
\LTright=\skip57
\LTpre=\skip58
\LTpost=\skip59
\LTchunksize=\count300
\LTcapwidth=\dimen278
\LT@head=\box73
\LT@firsthead=\box74
\LT@foot=\box75
\LT@lastfoot=\box76
\LT@cols=\count301
\LT@rows=\count302
\c@LT@tables=\count303
\c@LT@chunks=\count304
\LT@p@ftn=\toks43
)
("C:\Users\CAMILLE AMAURY\AppData\Local\Programs\MiKTeX\tex/latex/booktabs\book
tabs.sty"
Package: booktabs 2020/01/12 v1.61803398 Publication quality tables
\heavyrulewidth=\dimen279
\lightrulewidth=\dimen280
\cmidrulewidth=\dimen281
\belowrulesep=\dimen282
\belowbottomsep=\dimen283
\aboverulesep=\dimen284
\abovetopsep=\dimen285
\cmidrulesep=\dimen286
\cmidrulekern=\dimen287
\defaultaddspace=\dimen288
\@cmidla=\count305
\@cmidlb=\count306
\@aboverulesep=\dimen289
\@belowrulesep=\dimen290
\@thisruleclass=\count307
\@lastruleclass=\count308
\@thisrulewidth=\dimen291
)
("C:\Users\CAMILLE AMAURY\AppData\Local\Programs\MiKTeX\tex/latex/enumitem\enum
item.sty"
Package: enumitem 2019/06/20 v3.9 Customized lists
\labelindent=\skip60
\enit@outerparindent=\dimen292
\enit@toks=\toks44
\enit@inbox=\box77
\enit@count@id=\count309
\enitdp@description=\count310
)
("C:\Users\CAMILLE AMAURY\AppData\Local\Programs\MiKTeX\tex/latex/ulem\ulem.sty
"
\UL@box=\box78
\UL@hyphenbox=\box79
\UL@skip=\skip61
\UL@hook=\toks45
\UL@height=\dimen293
\UL@pe=\count311
\UL@pixel=\dimen294
\ULC@box=\box80
Package: ulem 2019/11/18
\ULdepth=\dimen295
)
("C:\Users\CAMILLE AMAURY\AppData\Local\Programs\MiKTeX\tex/latex/jknappen\math
rsfs.sty"
Package: mathrsfs 1996/01/01 Math RSFS package v1.0 (jk)
\symrsfs=\mathgroup7
)
\Wrappedcontinuationbox=\box81
\Wrappedvisiblespacebox=\box82
Package hyperref Info: Option `breaklinks' set `true' on input line 368.
Package hyperref Info: Option `colorlinks' set `true' on input line 368.
LaTeX Font Info:    Trying to load font information for T1+ppl on input line 37
5.

("C:\Users\CAMILLE AMAURY\AppData\Local\Programs\MiKTeX\tex/latex/psnfss\t1ppl.
fd"
File: t1ppl.fd 2001/06/04 font definitions for T1/ppl.
)
("C:\Users\CAMILLE AMAURY\AppData\Local\Programs\MiKTeX\tex/latex/l3backend\l3b
ackend-pdftex.def"
File: l3backend-pdftex.def 2020-09-24 L3 backend support: PDF output (pdfTeX)
\l__kernel_color_stack_int=\count312
\l__pdf_internal_box=\box83
)
No file PMSNA_Association_rules.aux.
\openout1 = `PMSNA_Association_rules.aux'.

LaTeX Font Info:    Checking defaults for OML/cmm/m/it on input line 375.
LaTeX Font Info:    ... okay on input line 375.
LaTeX Font Info:    Checking defaults for OMS/cmsy/m/n on input line 375.
LaTeX Font Info:    ... okay on input line 375.
LaTeX Font Info:    Checking defaults for OT1/cmr/m/n on input line 375.
LaTeX Font Info:    ... okay on input line 375.
LaTeX Font Info:    Checking defaults for T1/cmr/m/n on input line 375.
LaTeX Font Info:    ... okay on input line 375.
LaTeX Font Info:    Checking defaults for TS1/cmr/m/n on input line 375.
LaTeX Font Info:    ... okay on input line 375.
LaTeX Font Info:    Checking defaults for OMX/cmex/m/n on input line 375.
LaTeX Font Info:    ... okay on input line 375.
LaTeX Font Info:    Checking defaults for U/cmr/m/n on input line 375.
LaTeX Font Info:    ... okay on input line 375.
LaTeX Font Info:    Checking defaults for PD1/pdf/m/n on input line 375.
LaTeX Font Info:    ... okay on input line 375.

("C:\Users\CAMILLE AMAURY\AppData\Local\Programs\MiKTeX\tex/context/base/mkii\s
upp-pdf.mkii"
[Loading MPS to PDF converter (version 2006.09.02).]
\scratchcounter=\count313
\scratchdimen=\dimen296
\scratchbox=\box84
\nofMPsegments=\count314
\nofMParguments=\count315
\everyMPshowfont=\toks46
\MPscratchCnt=\count316
\MPscratchDim=\dimen297
\MPnumerator=\count317
\makeMPintoPDFobject=\count318
\everyMPtoPDFconversion=\toks47
)
("C:\Users\CAMILLE AMAURY\AppData\Local\Programs\MiKTeX\tex/latex/epstopdf-pkg\
epstopdf-base.sty"
Package: epstopdf-base 2020-01-24 v2.11 Base part for package epstopdf
Package epstopdf-base Info: Redefining graphics rule for `.eps' on input line 4
85.
)
Package caption Info: Begin \AtBeginDocument code.
Package caption Info: float package is loaded.
Package caption Info: hyperref package is loaded.
Package caption Info: longtable package is loaded.

("C:\Users\CAMILLE AMAURY\AppData\Local\Programs\MiKTeX\tex/latex/caption\ltcap
tion.sty"
Package: ltcaption 2020/05/30 v1.4b longtable captions (AR)
)
Package caption Info: End \AtBeginDocument code.

*geometry* driver: auto-detecting
*geometry* detected driver: pdftex
*geometry* verbose mode - [ preamble ] result:
* driver: pdftex
* paper: <default>
* layout: <same size as paper>
* layoutoffset:(h,v)=(0.0pt,0.0pt)
* modes: 
* h-part:(L,W,R)=(72.26999pt, 469.75502pt, 72.26999pt)
* v-part:(T,H,B)=(72.26999pt, 650.43001pt, 72.26999pt)
* \paperwidth=614.295pt
* \paperheight=794.96999pt
* \textwidth=469.75502pt
* \textheight=650.43001pt
* \oddsidemargin=0.0pt
* \evensidemargin=0.0pt
* \topmargin=-37.0pt
* \headheight=12.0pt
* \headsep=25.0pt
* \topskip=11.0pt
* \footskip=30.0pt
* \marginparwidth=59.0pt
* \marginparsep=10.0pt
* \columnsep=10.0pt
* \skip\footins=10.0pt plus 4.0pt minus 2.0pt
* \hoffset=0.0pt
* \voffset=0.0pt
* \mag=1000
* \@twocolumnfalse
* \@twosidefalse
* \@mparswitchfalse
* \@reversemarginfalse
* (1in=72.27pt=25.4mm, 1cm=28.453pt)


("C:\Users\CAMILLE AMAURY\AppData\Local\Programs\MiKTeX\tex/latex/ucs\ucsencs.d
ef"
File: ucsencs.def 2011/01/21 Fixes to fontencodings LGR, T3
)
Package hyperref Info: Link coloring ON on input line 375.

("C:\Users\CAMILLE AMAURY\AppData\Local\Programs\MiKTeX\tex/latex/hyperref\name
ref.sty"
Package: nameref 2019/09/16 v2.46 Cross-referencing by name of section

("C:\Users\CAMILLE AMAURY\AppData\Local\Programs\MiKTeX\tex/latex/refcount\refc
ount.sty"
Package: refcount 2019/12/15 v3.6 Data extraction from label references (HO)
)
("C:\Users\CAMILLE AMAURY\AppData\Local\Programs\MiKTeX\tex/generic/gettitlestr
ing\gettitlestring.sty"
Package: gettitlestring 2019/12/15 v1.6 Cleanup title references (HO)
)
\c@section@level=\count319
)
LaTeX Info: Redefining \ref on input line 375.
LaTeX Info: Redefining \pageref on input line 375.
LaTeX Info: Redefining \nameref on input line 375.
\@outlinefile=\write7
\openout7 = `PMSNA_Association_rules.out'.

LaTeX Font Info:    Trying to load font information for OT1+ppl on input line 3
77.

("C:\Users\CAMILLE AMAURY\AppData\Local\Programs\MiKTeX\tex/latex/psnfss\ot1ppl
.fd"
File: ot1ppl.fd 2001/06/04 font definitions for OT1/ppl.
)
LaTeX Font Info:    Trying to load font information for OML+zplm on input line 
377.

("C:\Users\CAMILLE AMAURY\AppData\Local\Programs\MiKTeX\tex/latex/psnfss\omlzpl
m.fd"
File: omlzplm.fd 2002/09/08 Fontinst v1.914 font definitions for OML/zplm.
)
LaTeX Font Info:    Trying to load font information for OMS+zplm on input line 
377.

("C:\Users\CAMILLE AMAURY\AppData\Local\Programs\MiKTeX\tex/latex/psnfss\omszpl
m.fd"
File: omszplm.fd 2002/09/08 Fontinst v1.914 font definitions for OMS/zplm.
)
LaTeX Font Info:    Trying to load font information for OMX+zplm on input line 
377.

("C:\Users\CAMILLE AMAURY\AppData\Local\Programs\MiKTeX\tex/latex/psnfss\omxzpl
m.fd"
File: omxzplm.fd 2002/09/08 Fontinst v1.914 font definitions for OMX/zplm.
)
LaTeX Font Info:    Trying to load font information for OT1+zplm on input line 
377.

("C:\Users\CAMILLE AMAURY\AppData\Local\Programs\MiKTeX\tex/latex/psnfss\ot1zpl
m.fd"
File: ot1zplm.fd 2002/09/08 Fontinst v1.914 font definitions for OT1/zplm.
)
LaTeX Font Info:    Font shape `U/msa/m/n' will be
(Font)              scaled to size 12.50409pt on input line 377.
LaTeX Font Info:    Font shape `U/msa/m/n' will be
(Font)              scaled to size 9.37807pt on input line 377.
LaTeX Font Info:    Font shape `U/msa/m/n' will be
(Font)              scaled to size 7.29405pt on input line 377.
LaTeX Font Info:    Font shape `U/msb/m/n' will be
(Font)              scaled to size 12.50409pt on input line 377.
LaTeX Font Info:    Font shape `U/msb/m/n' will be
(Font)              scaled to size 9.37807pt on input line 377.
LaTeX Font Info:    Font shape `U/msb/m/n' will be
(Font)              scaled to size 7.29405pt on input line 377.
LaTeX Font Info:    Trying to load font information for U+rsfs on input line 37
7.

("C:\Users\CAMILLE AMAURY\AppData\Local\Programs\MiKTeX\tex/latex/jknappen\ursf
s.fd"
File: ursfs.fd 1998/03/24 rsfs font definition file (jk)
)

LaTeX Warning: No \author given.

LaTeX Font Info:    Trying to load font information for T1+cmtt on input line 3
94.

("C:\Users\CAMILLE AMAURY\AppData\Local\Programs\MiKTeX\tex/latex/base\t1cmtt.f
d"
File: t1cmtt.fd 2019/12/16 v2.5j Standard LaTeX font definitions
)
LaTeX Font Info:    Font shape `U/msa/m/n' will be
(Font)              scaled to size 6.25204pt on input line 395.
LaTeX Font Info:    Font shape `U/msa/m/n' will be
(Font)              scaled to size 5.21004pt on input line 395.
LaTeX 